[07-Mar-2025 23:20:47 UTC] WordPress database error <div style="clear:both">&nbsp;</div>
<div class="queries" style="clear:both;margin-bottom:2px;border:red dotted thin;">
<p>MySQL query:</p>
<p>INSERT INTO `wp_options` (`option_name`, `option_value`, `autoload`) VALUES ('permalink_structure', '/%postname%/', 'auto') ON DUPLICATE KEY UPDATE `option_name` = VALUES(`option_name`), `option_value` = VALUES(`option_value`), `autoload` = VALUES(`autoload`)</p>
<p>Queries made or created this session were:</p>
<ol>
<li>Executing: BEGIN | (no parameters)</li>
<li>Executing: SELECT * FROM pragma_table_info(:table_name) as l WHERE l.pk &gt; 0; | (no parameters)</li>
<li>Executing: SELECT * FROM pragma_index_list(&quot;wp_options&quot;) as l; | (no parameters)</li>
<li>Executing: INSERT INTO `wp_options` (`option_name`, `option_value`, `autoload`) VALUES (:param0 , :param1 , :param2 )              | parameters: permalink_structure, /%postname%/, auto</li>
<li>Executing: ROLLBACK | (no parameters)</li>
</ol>
</div>
<div style="clear:both;margin-bottom:2px;border:red dotted thin;" class="error_message" style="border-bottom:dotted blue thin;">
Error occurred at line 4164 in Function <code>handle_error</code>. Error message was: SQLSTATE[HY000]: General error: 1 no such table: wp_options.
</div>
<p>Backtrace:</p>
<pre>#0 /var/local/wordpress/wp-content/mu-plugins/sqlite-database-integration-develop/wp-includes/sqlite/class-wp-sqlite-db.php(287): WP_SQLite_Translator->get_error_message()
#1 /var/local/wordpress/wp-includes/option.php(1134): WP_SQLite_DB->query('INSERT INTO `wp...')
#2 /var/local/wordpress/wp-includes/option.php(921): add_option('permalink_struc...', '/%postname%/', '', 'auto')
#3 /var/local/wordpress/wp-content/mu-plugins/0-wp-pwa.php(5): update_option('permalink_struc...', '/%postname%/')
#4 /var/local/wordpress/wp-settings.php(451): include_once('/var/local/word...')
#5 /var/local/wordpress/wp-config.php(110): require_once('/var/local/word...')
#6 /var/local/wordpress/wp-load.php(50): require_once('/var/local/word...')
#7 /var/local/wordpress/wp-admin/install.php(36): require_once('/var/local/word...')
#8 {main}</pre>
 for query INSERT INTO `wp_options` (`option_name`, `option_value`, `autoload`) VALUES ('permalink_structure', '/%postname%/', 'auto') ON DUPLICATE KEY UPDATE `option_name` = VALUES(`option_name`), `option_value` = VALUES(`option_value`), `autoload` = VALUES(`autoload`) made by require_once('wp-load.php'), require_once('wp-config.php'), require_once('wp-settings.php'), include_once('/mu-plugins/0-wp-pwa.php'), update_option, add_option, WP_SQLite_DB->query, WP_SQLite_DB->print_error
[07-Mar-2025 23:21:09 UTC] WordPress database error <div style="clear:both">&nbsp;</div>
<div class="queries" style="clear:both;margin-bottom:2px;border:red dotted thin;">
<p>MySQL query:</p>
<p>INSERT INTO `wp_options` (`option_name`, `option_value`, `autoload`) VALUES ('permalink_structure', '/%postname%/', 'auto') ON DUPLICATE KEY UPDATE `option_name` = VALUES(`option_name`), `option_value` = VALUES(`option_value`), `autoload` = VALUES(`autoload`)</p>
<p>Queries made or created this session were:</p>
<ol>
<li>Executing: BEGIN | (no parameters)</li>
<li>Executing: SELECT * FROM pragma_table_info(:table_name) as l WHERE l.pk &gt; 0; | (no parameters)</li>
<li>Executing: SELECT * FROM pragma_index_list(&quot;wp_options&quot;) as l; | (no parameters)</li>
<li>Executing: INSERT INTO `wp_options` (`option_name`, `option_value`, `autoload`) VALUES (:param0 , :param1 , :param2 )              | parameters: permalink_structure, /%postname%/, auto</li>
<li>Executing: ROLLBACK | (no parameters)</li>
</ol>
</div>
<div style="clear:both;margin-bottom:2px;border:red dotted thin;" class="error_message" style="border-bottom:dotted blue thin;">
Error occurred at line 4164 in Function <code>handle_error</code>. Error message was: SQLSTATE[HY000]: General error: 1 no such table: wp_options.
</div>
<p>Backtrace:</p>
<pre>#0 /var/local/wordpress/wp-content/mu-plugins/sqlite-database-integration-develop/wp-includes/sqlite/class-wp-sqlite-db.php(287): WP_SQLite_Translator->get_error_message()
#1 /var/local/wordpress/wp-includes/option.php(1134): WP_SQLite_DB->query('INSERT INTO `wp...')
#2 /var/local/wordpress/wp-includes/option.php(921): add_option('permalink_struc...', '/%postname%/', '', 'auto')
#3 /var/local/wordpress/wp-content/mu-plugins/0-wp-pwa.php(5): update_option('permalink_struc...', '/%postname%/')
#4 /var/local/wordpress/wp-settings.php(451): include_once('/var/local/word...')
#5 /var/local/wordpress/wp-config.php(110): require_once('/var/local/word...')
#6 /var/local/wordpress/wp-load.php(50): require_once('/var/local/word...')
#7 /var/local/wordpress/wp-admin/install.php(36): require_once('/var/local/word...')
#8 {main}</pre>
 for query INSERT INTO `wp_options` (`option_name`, `option_value`, `autoload`) VALUES ('permalink_structure', '/%postname%/', 'auto') ON DUPLICATE KEY UPDATE `option_name` = VALUES(`option_name`), `option_value` = VALUES(`option_value`), `autoload` = VALUES(`autoload`) made by require_once('wp-load.php'), require_once('wp-config.php'), require_once('wp-settings.php'), include_once('/mu-plugins/0-wp-pwa.php'), update_option, add_option, WP_SQLite_DB->query, WP_SQLite_DB->print_error
[07-Mar-2025 23:21:39 UTC] WordPress database error <div style="clear:both">&nbsp;</div>
<div class="queries" style="clear:both;margin-bottom:2px;border:red dotted thin;">
<p>MySQL query:</p>
<p>INSERT INTO `wp_options` (`option_name`, `option_value`, `autoload`) VALUES ('permalink_structure', '/%postname%/', 'auto') ON DUPLICATE KEY UPDATE `option_name` = VALUES(`option_name`), `option_value` = VALUES(`option_value`), `autoload` = VALUES(`autoload`)</p>
<p>Queries made or created this session were:</p>
<ol>
<li>Executing: BEGIN | (no parameters)</li>
<li>Executing: SELECT * FROM pragma_table_info(:table_name) as l WHERE l.pk &gt; 0; | (no parameters)</li>
<li>Executing: SELECT * FROM pragma_index_list(&quot;wp_options&quot;) as l; | (no parameters)</li>
<li>Executing: INSERT INTO `wp_options` (`option_name`, `option_value`, `autoload`) VALUES (:param0 , :param1 , :param2 )              | parameters: permalink_structure, /%postname%/, auto</li>
<li>Executing: ROLLBACK | (no parameters)</li>
</ol>
</div>
<div style="clear:both;margin-bottom:2px;border:red dotted thin;" class="error_message" style="border-bottom:dotted blue thin;">
Error occurred at line 4164 in Function <code>handle_error</code>. Error message was: SQLSTATE[HY000]: General error: 1 no such table: wp_options.
</div>
<p>Backtrace:</p>
<pre>#0 /var/local/wordpress/wp-content/mu-plugins/sqlite-database-integration-develop/wp-includes/sqlite/class-wp-sqlite-db.php(287): WP_SQLite_Translator->get_error_message()
#1 /var/local/wordpress/wp-includes/option.php(1134): WP_SQLite_DB->query('INSERT INTO `wp...')
#2 /var/local/wordpress/wp-includes/option.php(921): add_option('permalink_struc...', '/%postname%/', '', 'auto')
#3 /var/local/wordpress/wp-content/mu-plugins/0-wp-pwa.php(5): update_option('permalink_struc...', '/%postname%/')
#4 /var/local/wordpress/wp-settings.php(451): include_once('/var/local/word...')
#5 /var/local/wordpress/wp-config.php(110): require_once('/var/local/word...')
#6 /var/local/wordpress/wp-load.php(50): require_once('/var/local/word...')
#7 /var/local/wordpress/wp-admin/install.php(36): require_once('/var/local/word...')
#8 {main}</pre>
 for query INSERT INTO `wp_options` (`option_name`, `option_value`, `autoload`) VALUES ('permalink_structure', '/%postname%/', 'auto') ON DUPLICATE KEY UPDATE `option_name` = VALUES(`option_name`), `option_value` = VALUES(`option_value`), `autoload` = VALUES(`autoload`) made by require_once('wp-load.php'), require_once('wp-config.php'), require_once('wp-settings.php'), include_once('/mu-plugins/0-wp-pwa.php'), update_option, add_option, WP_SQLite_DB->query, WP_SQLite_DB->print_error
